<?xml version="1.0" encoding="UTF-8"?>
<testng-results skipped="0" failed="0" ignored="0" total="1" passed="1">
  <reporter-output>
  </reporter-output>
  <suite name="Default suite" duration-ms="17956" started-at="2020-01-14T10:30:59Z" finished-at="2020-01-14T10:31:17Z">
    <groups>
    </groups>
    <test name="Default test" duration-ms="17956" started-at="2020-01-14T10:30:59Z" finished-at="2020-01-14T10:31:17Z">
      <class name="com.bridgelabz.amazon.testcases.SearchItemTest">
        <test-method status="PASS" signature="setUp()[pri:0, instance:com.bridgelabz.amazon.testcases.SearchItemTest@4dfa3a9d]" name="setUp" is-config="true" duration-ms="10096" started-at="2020-01-14T16:00:59Z" finished-at="2020-01-14T16:01:09Z">
          <reporter-output>
          </reporter-output>
        </test-method> <!-- setUp -->
        <test-method status="PASS" signature="searchItenTest()[pri:0, instance:com.bridgelabz.amazon.testcases.SearchItemTest@4dfa3a9d]" name="searchItenTest" duration-ms="7165" started-at="2020-01-14T16:01:09Z" finished-at="2020-01-14T16:01:16Z">
          <reporter-output>
          </reporter-output>
        </test-method> <!-- searchItenTest -->
        <test-method status="PASS" signature="tearDown()[pri:0, instance:com.bridgelabz.amazon.testcases.SearchItemTest@4dfa3a9d]" name="tearDown" is-config="true" duration-ms="173" started-at="2020-01-14T16:01:17Z" finished-at="2020-01-14T16:01:17Z">
          <reporter-output>
          </reporter-output>
        </test-method> <!-- tearDown -->
      </class> <!-- com.bridgelabz.amazon.testcases.SearchItemTest -->
    </test> <!-- Default test -->
  </suite> <!-- Default suite -->
</testng-results>
